  [1m[35m (137.2ms)[0m  [1m[35mCREATE DATABASE "restaurant_app_api_development" ENCODING = 'unicode'[0m
  [1m[35m (50.9ms)[0m  [1m[35mCREATE DATABASE "restaurant_app_api_test" ENCODING = 'unicode'[0m
  [1m[35m (11.1ms)[0m  [1m[35mCREATE TABLE "schema_migrations" ("version" character varying NOT NULL PRIMARY KEY)[0m
  [1m[35m (5.0ms)[0m  [1m[35mCREATE TABLE "ar_internal_metadata" ("key" character varying NOT NULL PRIMARY KEY, "value" character varying, "created_at" timestamp(6) NOT NULL, "updated_at" timestamp(6) NOT NULL)[0m
  [1m[35m (0.5ms)[0m  [1m[34mSELECT pg_try_advisory_lock(4048746214733818815)[0m
  [1m[35m (0.4ms)[0m  [1m[34mSELECT "schema_migrations"."version" FROM "schema_migrations" ORDER BY "schema_migrations"."version" ASC[0m
Migrating to CreateCities (20191212164720)
  [1m[35m (0.1ms)[0m  [1m[35mBEGIN[0m
  [1m[35m (9.1ms)[0m  [1m[35mCREATE TABLE "cities" ("id" bigserial primary key, "location" character varying, "city" character varying, "created_at" timestamp(6) NOT NULL, "updated_at" timestamp(6) NOT NULL)[0m
  [1m[36mprimary::SchemaMigration Create (0.4ms)[0m  [1m[32mINSERT INTO "schema_migrations" ("version") VALUES ($1) RETURNING "version"[0m  [["version", "20191212164720"]]
  [1m[35m (0.3ms)[0m  [1m[35mCOMMIT[0m
  [1m[36mActiveRecord::InternalMetadata Load (0.2ms)[0m  [1m[34mSELECT "ar_internal_metadata".* FROM "ar_internal_metadata" WHERE "ar_internal_metadata"."key" = $1 LIMIT $2[0m  [["key", "environment"], ["LIMIT", 1]]
  [1m[35m (0.1ms)[0m  [1m[35mBEGIN[0m
  [1m[36mActiveRecord::InternalMetadata Create (0.7ms)[0m  [1m[32mINSERT INTO "ar_internal_metadata" ("key", "value", "created_at", "updated_at") VALUES ($1, $2, $3, $4) RETURNING "key"[0m  [["key", "environment"], ["value", "development"], ["created_at", "2019-12-12 16:51:21.490884"], ["updated_at", "2019-12-12 16:51:21.490884"]]
  [1m[35m (0.3ms)[0m  [1m[35mCOMMIT[0m
  [1m[35m (0.2ms)[0m  [1m[34mSELECT pg_advisory_unlock(4048746214733818815)[0m
  [1m[35m (1.4ms)[0m  [1m[34mSELECT "schema_migrations"."version" FROM "schema_migrations" ORDER BY "schema_migrations"."version" ASC[0m
Started GET "/" for ::1 at 2019-12-12 12:35:53 -0500
  [1m[35m (1.2ms)[0m  [1m[34mSELECT "schema_migrations"."version" FROM "schema_migrations" ORDER BY "schema_migrations"."version" ASC[0m
Processing by Rails::WelcomeController#index as HTML
  Rendering /Users/paulraucci/.rbenv/versions/2.6.3/lib/ruby/gems/2.6.0/gems/railties-6.0.1/lib/rails/templates/rails/welcome/index.html.erb
  Rendered /Users/paulraucci/.rbenv/versions/2.6.3/lib/ruby/gems/2.6.0/gems/railties-6.0.1/lib/rails/templates/rails/welcome/index.html.erb (Duration: 7.7ms | Allocations: 489)
Completed 200 OK in 18ms (Views: 13.5ms | ActiveRecord: 0.0ms | Allocations: 2697)


Started GET "/city" for ::1 at 2019-12-12 12:36:06 -0500
  
ActionController::RoutingError (No route matches [GET] "/city"):
  
actionpack (6.0.1) lib/action_dispatch/middleware/debug_exceptions.rb:36:in `call'
actionpack (6.0.1) lib/action_dispatch/middleware/show_exceptions.rb:33:in `call'
railties (6.0.1) lib/rails/rack/logger.rb:38:in `call_app'
railties (6.0.1) lib/rails/rack/logger.rb:26:in `block in call'
activesupport (6.0.1) lib/active_support/tagged_logging.rb:80:in `block in tagged'
activesupport (6.0.1) lib/active_support/tagged_logging.rb:28:in `tagged'
activesupport (6.0.1) lib/active_support/tagged_logging.rb:80:in `tagged'
railties (6.0.1) lib/rails/rack/logger.rb:26:in `call'
actionpack (6.0.1) lib/action_dispatch/middleware/remote_ip.rb:81:in `call'
actionpack (6.0.1) lib/action_dispatch/middleware/request_id.rb:27:in `call'
rack (2.0.7) lib/rack/runtime.rb:22:in `call'
activesupport (6.0.1) lib/active_support/cache/strategy/local_cache_middleware.rb:29:in `call'
actionpack (6.0.1) lib/action_dispatch/middleware/executor.rb:14:in `call'
actionpack (6.0.1) lib/action_dispatch/middleware/static.rb:126:in `call'
rack (2.0.7) lib/rack/sendfile.rb:111:in `call'
actionpack (6.0.1) lib/action_dispatch/middleware/host_authorization.rb:83:in `call'
railties (6.0.1) lib/rails/engine.rb:526:in `call'
puma (4.3.1) lib/puma/configuration.rb:228:in `call'
puma (4.3.1) lib/puma/server.rb:681:in `handle_request'
puma (4.3.1) lib/puma/server.rb:472:in `process_client'
puma (4.3.1) lib/puma/server.rb:328:in `block in run'
puma (4.3.1) lib/puma/thread_pool.rb:134:in `block in spawn_thread'
Started GET "/cities" for ::1 at 2019-12-12 12:36:16 -0500
Processing by CitiesController#index as HTML
  [1m[36mCity Load (4.9ms)[0m  [1m[34mSELECT "cities".* FROM "cities"[0m
  ↳ app/controllers/cities_controller.rb:8:in `index'
Completed 200 OK in 19ms (Views: 8.5ms | ActiveRecord: 6.4ms | Allocations: 1769)


Started GET "/cities" for ::1 at 2019-12-12 12:37:58 -0500
Processing by CitiesController#index as HTML
  [1m[36mCity Load (0.4ms)[0m  [1m[34mSELECT "cities".* FROM "cities"[0m
  ↳ app/controllers/cities_controller.rb:8:in `index'
Completed 200 OK in 5ms (Views: 1.6ms | ActiveRecord: 1.6ms | Allocations: 1443)


Started GET "/cities/1" for ::1 at 2019-12-12 12:38:12 -0500
Processing by CitiesController#show as HTML
  Parameters: {"id"=>"1"}
  [1m[36mCity Load (0.3ms)[0m  [1m[34mSELECT "cities".* FROM "cities" WHERE "cities"."id" = $1 LIMIT $2[0m  [["id", 1], ["LIMIT", 1]]
  ↳ app/controllers/cities_controller.rb:20:in `set_city'
Completed 404 Not Found in 21ms (ActiveRecord: 11.1ms | Allocations: 1162)


  
ActiveRecord::RecordNotFound (Couldn't find City with 'id'=1):
  
app/controllers/cities_controller.rb:20:in `set_city'
Started GET "/city/1" for ::1 at 2019-12-12 12:38:21 -0500
  
ActionController::RoutingError (No route matches [GET] "/city/1"):
  
actionpack (6.0.1) lib/action_dispatch/middleware/debug_exceptions.rb:36:in `call'
actionpack (6.0.1) lib/action_dispatch/middleware/show_exceptions.rb:33:in `call'
railties (6.0.1) lib/rails/rack/logger.rb:38:in `call_app'
railties (6.0.1) lib/rails/rack/logger.rb:26:in `block in call'
activesupport (6.0.1) lib/active_support/tagged_logging.rb:80:in `block in tagged'
activesupport (6.0.1) lib/active_support/tagged_logging.rb:28:in `tagged'
activesupport (6.0.1) lib/active_support/tagged_logging.rb:80:in `tagged'
railties (6.0.1) lib/rails/rack/logger.rb:26:in `call'
actionpack (6.0.1) lib/action_dispatch/middleware/remote_ip.rb:81:in `call'
actionpack (6.0.1) lib/action_dispatch/middleware/request_id.rb:27:in `call'
rack (2.0.7) lib/rack/runtime.rb:22:in `call'
activesupport (6.0.1) lib/active_support/cache/strategy/local_cache_middleware.rb:29:in `call'
actionpack (6.0.1) lib/action_dispatch/middleware/executor.rb:14:in `call'
actionpack (6.0.1) lib/action_dispatch/middleware/static.rb:126:in `call'
rack (2.0.7) lib/rack/sendfile.rb:111:in `call'
actionpack (6.0.1) lib/action_dispatch/middleware/host_authorization.rb:83:in `call'
railties (6.0.1) lib/rails/engine.rb:526:in `call'
puma (4.3.1) lib/puma/configuration.rb:228:in `call'
puma (4.3.1) lib/puma/server.rb:681:in `handle_request'
puma (4.3.1) lib/puma/server.rb:472:in `process_client'
puma (4.3.1) lib/puma/server.rb:328:in `block in run'
puma (4.3.1) lib/puma/thread_pool.rb:134:in `block in spawn_thread'
  [1m[35m (1.1ms)[0m  [1m[34mSELECT "schema_migrations"."version" FROM "schema_migrations" ORDER BY "schema_migrations"."version" ASC[0m
  [1m[35m (0.5ms)[0m  [1m[34mSELECT "schema_migrations"."version" FROM "schema_migrations" ORDER BY "schema_migrations"."version" ASC[0m
  [1m[35m (0.5ms)[0m  [1m[34mSELECT "schema_migrations"."version" FROM "schema_migrations" ORDER BY "schema_migrations"."version" ASC[0m
  [1m[35m (0.5ms)[0m  [1m[34mSELECT "schema_migrations"."version" FROM "schema_migrations" ORDER BY "schema_migrations"."version" ASC[0m
  [1m[35m (0.6ms)[0m  [1m[34mSELECT "schema_migrations"."version" FROM "schema_migrations" ORDER BY "schema_migrations"."version" ASC[0m
  [1m[35m (0.5ms)[0m  [1m[34mSELECT "schema_migrations"."version" FROM "schema_migrations" ORDER BY "schema_migrations"."version" ASC[0m
  [1m[35m (0.2ms)[0m  [1m[35mBEGIN[0m
  [1m[36mCity Create (1.9ms)[0m  [1m[32mINSERT INTO "cities" ("city", "created_at", "updated_at") VALUES ($1, $2, $3) RETURNING "id"[0m  [["city", "New Angellastad"], ["created_at", "2019-12-12 18:47:43.714348"], ["updated_at", "2019-12-12 18:47:43.714348"]]
  [1m[35m (0.4ms)[0m  [1m[35mCOMMIT[0m
  [1m[35m (0.2ms)[0m  [1m[35mBEGIN[0m
  [1m[36mCity Create (0.3ms)[0m  [1m[32mINSERT INTO "cities" ("city", "created_at", "updated_at") VALUES ($1, $2, $3) RETURNING "id"[0m  [["city", "Kyleville"], ["created_at", "2019-12-12 18:47:43.720362"], ["updated_at", "2019-12-12 18:47:43.720362"]]
  [1m[35m (0.4ms)[0m  [1m[35mCOMMIT[0m
  [1m[35m (0.1ms)[0m  [1m[35mBEGIN[0m
  [1m[36mCity Create (0.3ms)[0m  [1m[32mINSERT INTO "cities" ("city", "created_at", "updated_at") VALUES ($1, $2, $3) RETURNING "id"[0m  [["city", "New Buster"], ["created_at", "2019-12-12 18:47:43.724938"], ["updated_at", "2019-12-12 18:47:43.724938"]]
  [1m[35m (0.4ms)[0m  [1m[35mCOMMIT[0m
  [1m[35m (0.2ms)[0m  [1m[35mBEGIN[0m
  [1m[36mCity Create (0.4ms)[0m  [1m[32mINSERT INTO "cities" ("city", "created_at", "updated_at") VALUES ($1, $2, $3) RETURNING "id"[0m  [["city", "Port Precious"], ["created_at", "2019-12-12 18:47:43.730401"], ["updated_at", "2019-12-12 18:47:43.730401"]]
  [1m[35m (3.6ms)[0m  [1m[35mCOMMIT[0m
  [1m[35m (0.1ms)[0m  [1m[35mBEGIN[0m
  [1m[36mCity Create (0.2ms)[0m  [1m[32mINSERT INTO "cities" ("city", "created_at", "updated_at") VALUES ($1, $2, $3) RETURNING "id"[0m  [["city", "New Nyla"], ["created_at", "2019-12-12 18:47:43.753339"], ["updated_at", "2019-12-12 18:47:43.753339"]]
  [1m[35m (0.3ms)[0m  [1m[35mCOMMIT[0m
  [1m[35m (0.1ms)[0m  [1m[35mBEGIN[0m
  [1m[36mCity Create (0.2ms)[0m  [1m[32mINSERT INTO "cities" ("city", "created_at", "updated_at") VALUES ($1, $2, $3) RETURNING "id"[0m  [["city", "Rosyville"], ["created_at", "2019-12-12 18:47:43.756400"], ["updated_at", "2019-12-12 18:47:43.756400"]]
  [1m[35m (0.3ms)[0m  [1m[35mCOMMIT[0m
  [1m[35m (0.1ms)[0m  [1m[35mBEGIN[0m
  [1m[36mCity Create (0.2ms)[0m  [1m[32mINSERT INTO "cities" ("city", "created_at", "updated_at") VALUES ($1, $2, $3) RETURNING "id"[0m  [["city", "North Jay"], ["created_at", "2019-12-12 18:47:43.759341"], ["updated_at", "2019-12-12 18:47:43.759341"]]
  [1m[35m (0.3ms)[0m  [1m[35mCOMMIT[0m
  [1m[35m (0.1ms)[0m  [1m[35mBEGIN[0m
  [1m[36mCity Create (0.3ms)[0m  [1m[32mINSERT INTO "cities" ("city", "created_at", "updated_at") VALUES ($1, $2, $3) RETURNING "id"[0m  [["city", "Gerholdbury"], ["created_at", "2019-12-12 18:47:43.762238"], ["updated_at", "2019-12-12 18:47:43.762238"]]
  [1m[35m (0.3ms)[0m  [1m[35mCOMMIT[0m
  [1m[35m (0.1ms)[0m  [1m[35mBEGIN[0m
  [1m[36mCity Create (0.2ms)[0m  [1m[32mINSERT INTO "cities" ("city", "created_at", "updated_at") VALUES ($1, $2, $3) RETURNING "id"[0m  [["city", "Schuppetown"], ["created_at", "2019-12-12 18:47:43.765237"], ["updated_at", "2019-12-12 18:47:43.765237"]]
  [1m[35m (0.3ms)[0m  [1m[35mCOMMIT[0m
  [1m[35m (0.1ms)[0m  [1m[35mBEGIN[0m
  [1m[36mCity Create (0.2ms)[0m  [1m[32mINSERT INTO "cities" ("city", "created_at", "updated_at") VALUES ($1, $2, $3) RETURNING "id"[0m  [["city", "Schadenchester"], ["created_at", "2019-12-12 18:47:43.768113"], ["updated_at", "2019-12-12 18:47:43.768113"]]
  [1m[35m (0.3ms)[0m  [1m[35mCOMMIT[0m
  [1m[36mCity Load (1.3ms)[0m  [1m[34mSELECT "cities".* FROM "cities" LIMIT $1[0m  [["LIMIT", 11]]
  [1m[36mCity Load (0.3ms)[0m  [1m[34mSELECT "cities".* FROM "cities"[0m
  [1m[35m (0.5ms)[0m  [1m[34mSELECT "schema_migrations"."version" FROM "schema_migrations" ORDER BY "schema_migrations"."version" ASC[0m
  [1m[35m (0.1ms)[0m  [1m[35mBEGIN[0m
  [1m[36mCity Create (0.5ms)[0m  [1m[32mINSERT INTO "cities" ("location", "city", "created_at", "updated_at") VALUES ($1, $2, $3, $4) RETURNING "id"[0m  [["location", "974 Johana Locks"], ["city", "Lake Robbieburgh"], ["created_at", "2019-12-12 18:49:14.587406"], ["updated_at", "2019-12-12 18:49:14.587406"]]
  [1m[35m (0.4ms)[0m  [1m[35mCOMMIT[0m
  [1m[35m (0.1ms)[0m  [1m[35mBEGIN[0m
  [1m[36mCity Create (0.2ms)[0m  [1m[32mINSERT INTO "cities" ("location", "city", "created_at", "updated_at") VALUES ($1, $2, $3, $4) RETURNING "id"[0m  [["location", "397 Eleni Mountains"], ["city", "West Edmund"], ["created_at", "2019-12-12 18:49:14.600182"], ["updated_at", "2019-12-12 18:49:14.600182"]]
  [1m[35m (0.3ms)[0m  [1m[35mCOMMIT[0m
  [1m[35m (0.1ms)[0m  [1m[35mBEGIN[0m
  [1m[36mCity Create (0.2ms)[0m  [1m[32mINSERT INTO "cities" ("location", "city", "created_at", "updated_at") VALUES ($1, $2, $3, $4) RETURNING "id"[0m  [["location", "630 King Station"], ["city", "Wesville"], ["created_at", "2019-12-12 18:49:14.603448"], ["updated_at", "2019-12-12 18:49:14.603448"]]
  [1m[35m (0.3ms)[0m  [1m[35mCOMMIT[0m
  [1m[35m (0.1ms)[0m  [1m[35mBEGIN[0m
  [1m[36mCity Create (0.2ms)[0m  [1m[32mINSERT INTO "cities" ("location", "city", "created_at", "updated_at") VALUES ($1, $2, $3, $4) RETURNING "id"[0m  [["location", "443 Predovic Orchard"], ["city", "Jerdeview"], ["created_at", "2019-12-12 18:49:14.606527"], ["updated_at", "2019-12-12 18:49:14.606527"]]
  [1m[35m (0.3ms)[0m  [1m[35mCOMMIT[0m
  [1m[35m (0.1ms)[0m  [1m[35mBEGIN[0m
  [1m[36mCity Create (0.2ms)[0m  [1m[32mINSERT INTO "cities" ("location", "city", "created_at", "updated_at") VALUES ($1, $2, $3, $4) RETURNING "id"[0m  [["location", "283 Franklyn Corner"], ["city", "North Brendan"], ["created_at", "2019-12-12 18:49:14.609712"], ["updated_at", "2019-12-12 18:49:14.609712"]]
  [1m[35m (0.2ms)[0m  [1m[35mCOMMIT[0m
  [1m[35m (0.1ms)[0m  [1m[35mBEGIN[0m
  [1m[36mCity Create (0.2ms)[0m  [1m[32mINSERT INTO "cities" ("location", "city", "created_at", "updated_at") VALUES ($1, $2, $3, $4) RETURNING "id"[0m  [["location", "38341 Evangelina Port"], ["city", "Port Chanel"], ["created_at", "2019-12-12 18:49:14.612847"], ["updated_at", "2019-12-12 18:49:14.612847"]]
  [1m[35m (0.3ms)[0m  [1m[35mCOMMIT[0m
  [1m[35m (0.1ms)[0m  [1m[35mBEGIN[0m
  [1m[36mCity Create (0.2ms)[0m  [1m[32mINSERT INTO "cities" ("location", "city", "created_at", "updated_at") VALUES ($1, $2, $3, $4) RETURNING "id"[0m  [["location", "8381 Yaeko Dam"], ["city", "Port Kareemmouth"], ["created_at", "2019-12-12 18:49:14.615912"], ["updated_at", "2019-12-12 18:49:14.615912"]]
  [1m[35m (0.3ms)[0m  [1m[35mCOMMIT[0m
  [1m[35m (0.1ms)[0m  [1m[35mBEGIN[0m
  [1m[36mCity Create (0.2ms)[0m  [1m[32mINSERT INTO "cities" ("location", "city", "created_at", "updated_at") VALUES ($1, $2, $3, $4) RETURNING "id"[0m  [["location", "28817 Jeanine Plaza"], ["city", "Baileymouth"], ["created_at", "2019-12-12 18:49:14.618969"], ["updated_at", "2019-12-12 18:49:14.618969"]]
  [1m[35m (0.3ms)[0m  [1m[35mCOMMIT[0m
  [1m[35m (0.1ms)[0m  [1m[35mBEGIN[0m
  [1m[36mCity Create (0.2ms)[0m  [1m[32mINSERT INTO "cities" ("location", "city", "created_at", "updated_at") VALUES ($1, $2, $3, $4) RETURNING "id"[0m  [["location", "673 Hoyt Courts"], ["city", "Hodkiewiczborough"], ["created_at", "2019-12-12 18:49:14.622254"], ["updated_at", "2019-12-12 18:49:14.622254"]]
  [1m[35m (0.3ms)[0m  [1m[35mCOMMIT[0m
  [1m[35m (0.1ms)[0m  [1m[35mBEGIN[0m
  [1m[36mCity Create (0.2ms)[0m  [1m[32mINSERT INTO "cities" ("location", "city", "created_at", "updated_at") VALUES ($1, $2, $3, $4) RETURNING "id"[0m  [["location", "49596 Langosh Trafficway"], ["city", "North Tabitha"], ["created_at", "2019-12-12 18:49:14.625418"], ["updated_at", "2019-12-12 18:49:14.625418"]]
  [1m[35m (0.3ms)[0m  [1m[35mCOMMIT[0m
  [1m[36mCity Load (0.7ms)[0m  [1m[34mSELECT "cities".* FROM "cities"[0m
Started GET "/" for ::1 at 2019-12-12 13:50:10 -0500
  [1m[35m (0.9ms)[0m  [1m[34mSELECT "schema_migrations"."version" FROM "schema_migrations" ORDER BY "schema_migrations"."version" ASC[0m
Processing by Rails::WelcomeController#index as HTML
  Rendering /Users/paulraucci/.rbenv/versions/2.6.3/lib/ruby/gems/2.6.0/gems/railties-6.0.1/lib/rails/templates/rails/welcome/index.html.erb
  Rendered /Users/paulraucci/.rbenv/versions/2.6.3/lib/ruby/gems/2.6.0/gems/railties-6.0.1/lib/rails/templates/rails/welcome/index.html.erb (Duration: 6.1ms | Allocations: 316)
Completed 200 OK in 13ms (Views: 10.0ms | ActiveRecord: 0.0ms | Allocations: 1603)


Started GET "/cities" for ::1 at 2019-12-12 13:50:19 -0500
Processing by CitiesController#index as HTML
  [1m[36mCity Load (0.6ms)[0m  [1m[34mSELECT "cities".* FROM "cities"[0m
  ↳ app/controllers/cities_controller.rb:8:in `index'
Completed 200 OK in 29ms (Views: 20.2ms | ActiveRecord: 4.6ms | Allocations: 6853)


